<configuration>
    <!-- Use shutdownHook so that we can close gracefully and finish the log drain -->
    <shutdownHook class="ch.qos.logback.core.hook.DelayingShutdownHook"/>
    <appender name="LogzioLogbackAppender" class="io.logz.logback.LogzioLogbackAppender">
        <token>VNBLOQUNmfGKlebqvuSjOPIMrSuJOrYu</token>
        <logzioUrl>https://listener-eu.logz.io:8071</logzioUrl>
        <logzioType>java-application</logzioType>
        <filter class="ch.qos.logback.classic.filter.ThresholdFilter">
            <level>INFO</level>
        </filter>
    </appender>
    <appender name="STDOUT" class="ch.qos.logback.core.ConsoleAppender">
        <!-- encoders are assigned the type
             ch.qos.logback.classic.encoder.PatternLayoutEncoder by default -->
        <withJansi>true</withJansi>
        <encoder>
            <pattern>[%thread] %highlight(%-5level) %cyan(%logger{15}) - %msg %n</pattern>
        </encoder>
    </appender>

    <appender name="FILE" class="ch.qos.logback.core.FileAppender">
        <file>tests.log</file>
        <append>true</append>
        <encoder>
            <pattern>%-4relative [%thread] %-5level %logger{35} - %msg%n</pattern>
        </encoder>
    </appender>

    <logger name="com.baeldung.logback" level="INFO" />
    <logger name="com.baeldung.logback.tests" level="WARN">
        <appender-ref ref="FILE" />
    </logger>

    <root level="INFO">
        <appender-ref ref="LogzioLogbackAppender"/>
        <appender-ref ref="STDOUT" />
    </root>
</configuration>
